<?xml version="1.0" encoding="UTF-8"?>
<!-- Generated by org.testng.reporters.JUnitReportReporter -->
<testsuite hostname="DESKTOP-7IU7ULG" failures="0" tests="1" name="Testes.Nopecommersoginpagetest" time="17.185" errors="0" timestamp="2025-05-03T19:45:37 IST" skipped="0">
  <testcase classname="Testes.Nopecommersoginpagetest" name="testvalidlogin" time="17.185"/>
</testsuite> <!-- Testes.Nopecommersoginpagetest -->
