<?xml version="1.0" encoding="UTF-8"?>
<!-- Generated by org.testng.reporters.JUnitReportReporter -->
<testsuite hostname="DESKTOP-7IU7ULG" failures="0" tests="1" name="Testes.Nopecommersoginpagetest" time="23.258" errors="0" timestamp="2025-05-08T20:51:34 IST" skipped="0">
  <testcase classname="Testes.Nopecommersoginpagetest" name="testvalidlogin" time="23.258"/>
</testsuite> <!-- Testes.Nopecommersoginpagetest -->
