<?xml version="1.0" encoding="UTF-8"?>
<!-- Generated by org.testng.reporters.JUnitReportReporter -->
<testsuite hostname="DESKTOP-7IU7ULG" failures="0" tests="1" name="Testes.Nopecommersoginpagetest" time="21.831" errors="0" timestamp="2025-05-05T15:55:32 IST" skipped="0">
  <testcase classname="Testes.Nopecommersoginpagetest" name="testvalidlogin" time="21.831"/>
</testsuite> <!-- Testes.Nopecommersoginpagetest -->
